12:39:27.016 [main] INFO  api.test.UserTest - ****************** Creating User *********************
12:39:37.701 [main] INFO  api.test.UserTest - ****************** User Created *********************
12:39:37.735 [main] INFO  api.test.UserTest - ****************** Reading  User Info *********************
12:39:44.034 [main] INFO  api.test.UserTest - ****************** User Info Displayed*********************
12:39:44.039 [main] INFO  api.test.UserTest - ****************** Updating User *********************
12:39:46.828 [main] INFO  api.test.UserTest - ****************** User updated *********************
12:39:49.039 [main] INFO  api.test.UserTest - ******************Deleting User *********************
12:39:51.304 [main] INFO  api.test.UserTest - ****************** User Deleted*********************
10:39:39.881 [main] INFO  api.test.UserTest - ****************** Creating User *********************
10:39:52.212 [main] INFO  api.test.UserTest - ****************** User Created *********************
10:39:52.237 [main] INFO  api.test.UserTest - ****************** Reading  User Info *********************
10:39:53.976 [main] INFO  api.test.UserTest - ****************** User Info Displayed*********************
10:39:53.979 [main] INFO  api.test.UserTest - ****************** Updating User *********************
10:39:55.440 [main] INFO  api.test.UserTest - ****************** User updated *********************
10:39:57.020 [main] INFO  api.test.UserTest - ******************Deleting User *********************
10:39:58.614 [main] INFO  api.test.UserTest - ****************** User Deleted*********************
10:47:07.641 [main] INFO  api.test.UserTest - ****************** Creating User *********************
10:47:13.536 [main] INFO  api.test.UserTest - ****************** User Created *********************
10:47:13.579 [main] INFO  api.test.UserTest - ****************** Reading  User Info *********************
10:47:15.134 [main] INFO  api.test.UserTest - ****************** User Info Displayed*********************
10:47:15.138 [main] INFO  api.test.UserTest - ****************** Updating User *********************
10:47:16.751 [main] INFO  api.test.UserTest - ****************** User updated *********************
10:47:18.354 [main] INFO  api.test.UserTest - ******************Deleting User *********************
10:47:19.954 [main] INFO  api.test.UserTest - ****************** User Deleted*********************
10:49:12.568 [main] INFO  api.test.UserTest - ****************** Creating User *********************
10:49:18.863 [main] INFO  api.test.UserTest - ****************** User Created *********************
10:49:18.882 [main] INFO  api.test.UserTest - ****************** Reading  User Info *********************
10:49:20.665 [main] INFO  api.test.UserTest - ****************** User Info Displayed*********************
10:49:20.673 [main] INFO  api.test.UserTest - ****************** Updating User *********************
10:49:22.275 [main] INFO  api.test.UserTest - ****************** User updated *********************
10:49:23.707 [main] INFO  api.test.UserTest - ******************Deleting User *********************
10:49:25.206 [main] INFO  api.test.UserTest - ****************** User Deleted*********************
12:05:40.647 [main] INFO  api.test.UserTest - ****************** Creating User *********************
12:05:47.408 [main] INFO  api.test.UserTest - ****************** User Created *********************
12:05:47.436 [main] INFO  api.test.UserTest - ****************** Reading  User Info *********************
12:05:49.225 [main] INFO  api.test.UserTest - ****************** User Info Displayed*********************
12:05:49.228 [main] INFO  api.test.UserTest - ****************** Updating User *********************
12:05:50.822 [main] INFO  api.test.UserTest - ****************** User updated *********************
12:05:52.638 [main] INFO  api.test.UserTest - ******************Deleting User *********************
12:05:54.269 [main] INFO  api.test.UserTest - ****************** User Deleted*********************
12:13:09.790 [main] INFO  api.test.UserTest - ****************** Creating User *********************
12:13:14.745 [main] INFO  api.test.UserTest - ****************** User Created *********************
12:13:14.765 [main] INFO  api.test.UserTest - ****************** Reading  User Info *********************
12:13:16.423 [main] INFO  api.test.UserTest - ****************** User Info Displayed*********************
12:13:16.426 [main] INFO  api.test.UserTest - ****************** Updating User *********************
12:13:18.021 [main] INFO  api.test.UserTest - ****************** User updated *********************
12:13:19.631 [main] INFO  api.test.UserTest - ******************Deleting User *********************
12:13:21.053 [main] INFO  api.test.UserTest - ****************** User Deleted*********************
10:36:41.700 [main] INFO  api.test.UserTest - ****************** Creating User *********************
10:36:47.625 [main] INFO  api.test.UserTest - ****************** User Created *********************
10:36:47.645 [main] INFO  api.test.UserTest - ****************** Reading  User Info *********************
10:36:49.260 [main] INFO  api.test.UserTest - ****************** User Info Displayed*********************
10:36:49.263 [main] INFO  api.test.UserTest - ****************** Updating User *********************
10:36:50.744 [main] INFO  api.test.UserTest - ****************** User updated *********************
10:36:52.359 [main] INFO  api.test.UserTest - ******************Deleting User *********************
10:36:53.906 [main] INFO  api.test.UserTest - ****************** User Deleted*********************
10:53:52.176 [main] INFO  api.test.UserTest - ****************** Creating User *********************
10:53:58.153 [main] INFO  api.test.UserTest - ****************** User Created *********************
10:53:58.174 [main] INFO  api.test.UserTest - ****************** Reading  User Info *********************
10:54:00.505 [main] INFO  api.test.UserTest - ****************** User Info Displayed*********************
10:54:00.508 [main] INFO  api.test.UserTest - ****************** Updating User *********************
10:54:02.101 [main] INFO  api.test.UserTest - ****************** User updated *********************
10:54:03.567 [main] INFO  api.test.UserTest - ******************Deleting User *********************
10:54:05.094 [main] INFO  api.test.UserTest - ****************** User Deleted*********************
11:00:49.471 [main] INFO  api.test.UserTest - ****************** Creating User *********************
11:00:55.819 [main] INFO  api.test.UserTest - ****************** User Created *********************
11:00:55.852 [main] INFO  api.test.UserTest - ****************** Reading  User Info *********************
11:00:57.253 [main] INFO  api.test.UserTest - ****************** User Info Displayed*********************
11:00:57.257 [main] INFO  api.test.UserTest - ****************** Updating User *********************
11:00:58.736 [main] INFO  api.test.UserTest - ****************** User updated *********************
11:01:00.128 [main] INFO  api.test.UserTest - ******************Deleting User *********************
11:01:01.775 [main] INFO  api.test.UserTest - ****************** User Deleted*********************
17:32:52.821 [main] INFO  api.test.UserTest - ****************** Creating User *********************
17:33:19.261 [main] INFO  api.test.UserTest - ****************** User Created *********************
17:33:19.321 [main] INFO  api.test.UserTest - ****************** Reading  User Info *********************
17:33:20.706 [main] INFO  api.test.UserTest - ****************** User Info Displayed*********************
17:33:20.711 [main] INFO  api.test.UserTest - ****************** Updating User *********************
17:33:22.078 [main] INFO  api.test.UserTest - ****************** User updated *********************
17:33:23.493 [main] INFO  api.test.UserTest - ******************Deleting User *********************
17:33:24.851 [main] INFO  api.test.UserTest - ****************** User Deleted*********************
16:32:14.999 [main] INFO  api.test.UserTest - ****************** Creating User *********************
16:32:27.423 [main] INFO  api.test.UserTest - ****************** User Created *********************
16:32:27.443 [main] INFO  api.test.UserTest - ****************** Reading  User Info *********************
16:32:29.045 [main] INFO  api.test.UserTest - ****************** User Info Displayed*********************
16:32:29.048 [main] INFO  api.test.UserTest - ****************** Updating User *********************
16:32:30.379 [main] INFO  api.test.UserTest - ****************** User updated *********************
16:32:31.942 [main] INFO  api.test.UserTest - ******************Deleting User *********************
16:32:33.587 [main] INFO  api.test.UserTest - ****************** User Deleted*********************
16:51:31.859 [main] INFO  api.test.UserTest - ****************** Creating User *********************
16:51:37.652 [main] INFO  api.test.UserTest - ****************** User Created *********************
16:51:37.669 [main] INFO  api.test.UserTest - ****************** Reading  User Info *********************
16:51:39.172 [main] INFO  api.test.UserTest - ****************** User Info Displayed*********************
16:51:39.175 [main] INFO  api.test.UserTest - ****************** Updating User *********************
16:51:40.770 [main] INFO  api.test.UserTest - ****************** User updated *********************
16:51:42.372 [main] INFO  api.test.UserTest - ******************Deleting User *********************
16:51:43.968 [main] INFO  api.test.UserTest - ****************** User Deleted*********************
16:55:59.612 [main] INFO  api.test.UserTest - ****************** Creating User *********************
16:56:03.568 [main] INFO  api.test.UserTest - ****************** User Created *********************
16:56:03.597 [main] INFO  api.test.UserTest - ****************** Reading  User Info *********************
16:56:05.253 [main] INFO  api.test.UserTest - ****************** User Info Displayed*********************
16:56:05.261 [main] INFO  api.test.UserTest - ****************** Updating User *********************
16:56:06.848 [main] INFO  api.test.UserTest - ****************** User updated *********************
16:56:08.455 [main] INFO  api.test.UserTest - ******************Deleting User *********************
16:56:10.046 [main] INFO  api.test.UserTest - ****************** User Deleted*********************
16:58:14.383 [main] INFO  api.test.UserTest - ****************** Creating User *********************
16:58:19.950 [main] INFO  api.test.UserTest - ****************** User Created *********************
16:58:19.981 [main] INFO  api.test.UserTest - ****************** Reading  User Info *********************
16:58:21.337 [main] INFO  api.test.UserTest - ****************** User Info Displayed*********************
16:58:21.342 [main] INFO  api.test.UserTest - ****************** Updating User *********************
16:58:22.862 [main] INFO  api.test.UserTest - ****************** User updated *********************
16:58:24.448 [main] INFO  api.test.UserTest - ******************Deleting User *********************
16:58:26.045 [main] INFO  api.test.UserTest - ****************** User Deleted*********************
17:00:44.569 [main] INFO  api.test.UserTest - ****************** Creating User *********************
17:00:49.171 [main] INFO  api.test.UserTest - ****************** User Created *********************
17:00:49.216 [main] INFO  api.test.UserTest - ****************** Reading  User Info *********************
17:00:51.807 [main] INFO  api.test.UserTest - ****************** User Info Displayed*********************
17:00:51.814 [main] INFO  api.test.UserTest - ****************** Updating User *********************
17:00:53.406 [main] INFO  api.test.UserTest - ****************** User updated *********************
17:00:55.015 [main] INFO  api.test.UserTest - ******************Deleting User *********************
17:00:56.606 [main] INFO  api.test.UserTest - ****************** User Deleted*********************
17:05:13.048 [main] INFO  api.test.UserTest - ****************** Creating User *********************
17:05:17.461 [main] INFO  api.test.UserTest - ****************** User Created *********************
17:05:17.477 [main] INFO  api.test.UserTest - ****************** Reading  User Info *********************
17:05:20.207 [main] INFO  api.test.UserTest - ****************** User Info Displayed*********************
17:05:20.210 [main] INFO  api.test.UserTest - ****************** Updating User *********************
17:05:21.581 [main] INFO  api.test.UserTest - ****************** User updated *********************
17:05:23.091 [main] INFO  api.test.UserTest - ******************Deleting User *********************
17:05:24.544 [main] INFO  api.test.UserTest - ****************** User Deleted*********************
17:07:19.529 [main] INFO  api.test.UserTest - ****************** Creating User *********************
17:07:24.797 [main] INFO  api.test.UserTest - ****************** User Created *********************
17:07:24.817 [main] INFO  api.test.UserTest - ****************** Reading  User Info *********************
17:07:26.373 [main] INFO  api.test.UserTest - ****************** User Info Displayed*********************
17:07:26.377 [main] INFO  api.test.UserTest - ****************** Updating User *********************
17:07:27.762 [main] INFO  api.test.UserTest - ****************** User updated *********************
17:07:29.172 [main] INFO  api.test.UserTest - ******************Deleting User *********************
17:07:30.766 [main] INFO  api.test.UserTest - ****************** User Deleted*********************
12:21:36.103 [main] INFO  api.test.UserTest - ****************** Creating User *********************
12:21:43.167 [main] INFO  api.test.UserTest - ****************** User Created *********************
12:21:43.202 [main] INFO  api.test.UserTest - ****************** Reading  User Info *********************
12:21:44.857 [main] INFO  api.test.UserTest - ****************** User Info Displayed*********************
12:21:44.860 [main] INFO  api.test.UserTest - ****************** Updating User *********************
12:21:46.523 [main] INFO  api.test.UserTest - ****************** User updated *********************
12:21:48.119 [main] INFO  api.test.UserTest - ******************Deleting User *********************
12:21:49.717 [main] INFO  api.test.UserTest - ****************** User Deleted*********************
